{"contentLength":"-","level":"info","message":"HTTP Access Log","method":"GET","responseTime":218.586,"status":304,"timestamp":"Wed Nov 03 2021 19:52:56 GMT+0100 (West Africa Standard Time)","url":"/accounts"}
{"contentLength":"-","level":"info","message":"HTTP Access Log","method":"GET","responseTime":451.882,"status":304,"timestamp":"Wed Nov 03 2021 19:59:33 GMT+0100 (West Africa Standard Time)","url":"/accounts/profile"}
{"contentLength":"-","level":"info","message":"HTTP Access Log","method":"GET","responseTime":48.496,"status":304,"timestamp":"Wed Nov 03 2021 19:59:44 GMT+0100 (West Africa Standard Time)","url":"/accounts"}
{"contentLength":"59","level":"info","message":"HTTP Access Log","method":"PUT","responseTime":2465.761,"status":200,"timestamp":"Wed Nov 03 2021 20:01:40 GMT+0100 (West Africa Standard Time)","url":"/accounts/auth"}
{"contentLength":"925","level":"info","message":"HTTP Access Log","method":"GET","responseTime":50.029,"status":200,"timestamp":"Wed Nov 03 2021 20:01:40 GMT+0100 (West Africa Standard Time)","url":"/accounts"}
{"contentLength":"-","level":"info","message":"HTTP Access Log","method":"GET","responseTime":188.002,"status":304,"timestamp":"Wed Nov 03 2021 20:02:34 GMT+0100 (West Africa Standard Time)","url":"/accounts"}
{"contentLength":"59","level":"info","message":"HTTP Access Log","method":"PUT","responseTime":148.215,"status":200,"timestamp":"Wed Nov 03 2021 20:04:02 GMT+0100 (West Africa Standard Time)","url":"/accounts/auth"}
{"contentLength":"1413","level":"info","message":"HTTP Access Log","method":"GET","responseTime":48.161,"status":200,"timestamp":"Wed Nov 03 2021 20:04:02 GMT+0100 (West Africa Standard Time)","url":"/accounts"}
{"contentLength":"671","level":"info","message":"HTTP Access Log","method":"GET","responseTime":41.974,"status":200,"timestamp":"Wed Nov 03 2021 20:04:22 GMT+0100 (West Africa Standard Time)","url":"/accounts/profile"}
{"contentLength":"-","level":"info","message":"HTTP Access Log","method":"GET","responseTime":83.841,"status":304,"timestamp":"Wed Nov 03 2021 20:04:30 GMT+0100 (West Africa Standard Time)","url":"/accounts"}
{"contentLength":"-","level":"info","message":"HTTP Access Log","method":"GET","responseTime":75.092,"status":304,"timestamp":"Wed Nov 03 2021 20:04:58 GMT+0100 (West Africa Standard Time)","url":"/subcategory"}
{"contentLength":"-","level":"info","message":"HTTP Access Log","method":"GET","responseTime":1880.148,"status":304,"timestamp":"Wed Nov 03 2021 20:05:03 GMT+0100 (West Africa Standard Time)","url":"/reconcillations/approved_one/false"}
{"contentLength":"-","level":"info","message":"HTTP Access Log","method":"GET","responseTime":71.418,"status":304,"timestamp":"Wed Nov 03 2021 20:05:06 GMT+0100 (West Africa Standard Time)","url":"/reconcillations/approved_two/false"}
{"contentLength":"-","level":"info","message":"HTTP Access Log","method":"GET","responseTime":2449.923,"status":304,"timestamp":"Wed Nov 03 2021 20:05:15 GMT+0100 (West Africa Standard Time)","url":"/reconcillations/approved_one/false"}
{"contentLength":"-","level":"info","message":"HTTP Access Log","method":"GET","responseTime":69.008,"status":304,"timestamp":"Wed Nov 03 2021 20:05:20 GMT+0100 (West Africa Standard Time)","url":"/accounts"}
{"contentLength":"-","level":"info","message":"HTTP Access Log","method":"GET","responseTime":1797.759,"status":304,"timestamp":"Wed Nov 03 2021 20:05:21 GMT+0100 (West Africa Standard Time)","url":"/reconcillations"}
{"contentLength":"-","level":"info","message":"HTTP Access Log","method":"GET","responseTime":1800.578,"status":304,"timestamp":"Wed Nov 03 2021 20:05:22 GMT+0100 (West Africa Standard Time)","url":"/products/"}
{"contentLength":"-","level":"info","message":"HTTP Access Log","method":"GET","responseTime":181.945,"status":304,"timestamp":"Wed Nov 03 2021 20:07:56 GMT+0100 (West Africa Standard Time)","url":"/accounts"}
{"contentLength":"-","level":"info","message":"HTTP Access Log","method":"GET","responseTime":5107.683,"status":304,"timestamp":"Wed Nov 03 2021 20:08:01 GMT+0100 (West Africa Standard Time)","url":"/reconcillations"}
{"contentLength":"-","level":"info","message":"HTTP Access Log","method":"GET","responseTime":4553.897,"status":304,"timestamp":"Wed Nov 03 2021 20:08:06 GMT+0100 (West Africa Standard Time)","url":"/reconcillations"}
{"contentLength":"-","level":"info","message":"HTTP Access Log","method":"GET","responseTime":4577.605,"status":304,"timestamp":"Wed Nov 03 2021 20:08:06 GMT+0100 (West Africa Standard Time)","url":"/products/"}
{"contentLength":"-","level":"info","message":"HTTP Access Log","method":"GET","responseTime":4586.12,"status":304,"timestamp":"Wed Nov 03 2021 20:08:06 GMT+0100 (West Africa Standard Time)","url":"/accounts"}
{"contentLength":"-","level":"info","message":"HTTP Access Log","method":"GET","responseTime":81.176,"status":304,"timestamp":"Wed Nov 03 2021 20:08:06 GMT+0100 (West Africa Standard Time)","url":"/products/"}
{"contentLength":"-","level":"info","message":"HTTP Access Log","method":"GET","responseTime":150.949,"status":304,"timestamp":"Wed Nov 03 2021 20:08:06 GMT+0100 (West Africa Standard Time)","url":"/accounts"}
{"contentLength":"-","level":"info","message":"HTTP Access Log","method":"GET","responseTime":3991.914,"status":304,"timestamp":"Wed Nov 03 2021 20:08:10 GMT+0100 (West Africa Standard Time)","url":"/reconcillations"}
{"contentLength":"-","level":"info","message":"HTTP Access Log","method":"GET","responseTime":71.081,"status":304,"timestamp":"Wed Nov 03 2021 20:08:10 GMT+0100 (West Africa Standard Time)","url":"/products/"}
{"contentLength":"-","level":"info","message":"HTTP Access Log","method":"GET","responseTime":42.457,"status":304,"timestamp":"Wed Nov 03 2021 20:08:44 GMT+0100 (West Africa Standard Time)","url":"/accounts"}
{"contentLength":"-","level":"info","message":"HTTP Access Log","method":"GET","responseTime":3597.299,"status":304,"timestamp":"Wed Nov 03 2021 20:08:47 GMT+0100 (West Africa Standard Time)","url":"/reconcillations"}
{"contentLength":"-","level":"info","message":"HTTP Access Log","method":"GET","responseTime":18.714,"status":304,"timestamp":"Wed Nov 03 2021 20:08:47 GMT+0100 (West Africa Standard Time)","url":"/products/"}
{"contentLength":"-","level":"info","message":"HTTP Access Log","method":"GET","responseTime":2455.411,"status":304,"timestamp":"Wed Nov 03 2021 20:09:34 GMT+0100 (West Africa Standard Time)","url":"/reconcillations/approved_one/false"}
{"contentLength":"-","level":"info","message":"HTTP Access Log","method":"GET","responseTime":43.851,"status":304,"timestamp":"Wed Nov 03 2021 20:09:39 GMT+0100 (West Africa Standard Time)","url":"/accounts"}
{"contentLength":"-","level":"info","message":"HTTP Access Log","method":"GET","responseTime":1897.796,"status":304,"timestamp":"Wed Nov 03 2021 20:09:41 GMT+0100 (West Africa Standard Time)","url":"/reconcillations"}
{"contentLength":"-","level":"info","message":"HTTP Access Log","method":"GET","responseTime":24.679,"status":304,"timestamp":"Wed Nov 03 2021 20:09:41 GMT+0100 (West Africa Standard Time)","url":"/products/"}
{"level":"info","message":"server listening on port 8080"}
{"contentLength":"650","level":"info","message":"HTTP Access Log","method":"POST","responseTime":1277.561,"status":201,"timestamp":"Wed Nov 03 2021 21:02:38 GMT+0100 (West Africa Standard Time)","url":"/accounts/auth"}
{"contentLength":"-","level":"info","message":"HTTP Access Log","method":"GET","responseTime":87.066,"status":304,"timestamp":"Wed Nov 03 2021 21:02:40 GMT+0100 (West Africa Standard Time)","url":"/products/"}
{"contentLength":"1413","level":"info","message":"HTTP Access Log","method":"GET","responseTime":117.793,"status":200,"timestamp":"Wed Nov 03 2021 21:02:40 GMT+0100 (West Africa Standard Time)","url":"/accounts"}
{"contentLength":"-","level":"info","message":"HTTP Access Log","method":"GET","responseTime":2186.329,"status":304,"timestamp":"Wed Nov 03 2021 21:02:42 GMT+0100 (West Africa Standard Time)","url":"/reconcillations"}
{"contentLength":"-","level":"info","message":"HTTP Access Log","method":"GET","responseTime":186.969,"status":304,"timestamp":"Wed Nov 03 2021 21:02:46 GMT+0100 (West Africa Standard Time)","url":"/brands"}
{"contentLength":"671","level":"info","message":"HTTP Access Log","method":"GET","responseTime":88.233,"status":200,"timestamp":"Wed Nov 03 2021 21:02:49 GMT+0100 (West Africa Standard Time)","url":"/accounts/profile"}
